GowinSynthesis start
Running parser ...
Analyzing Verilog file 'E:\project\conv_fpga_side\conv_fpga_side\src\UART_byte_rx.v'
Analyzing Verilog file 'E:\project\conv_fpga_side\conv_fpga_side\src\UART_byte_tx.v'
Analyzing Verilog file 'E:\project\conv_fpga_side\conv_fpga_side\src\UART_data_rx.v'
Analyzing Verilog file 'E:\project\conv_fpga_side\conv_fpga_side\src\UART_data_tx.v'
Analyzing Verilog file 'E:\project\conv_fpga_side\conv_fpga_side\src\decoder.v'
Analyzing Verilog file 'E:\project\conv_fpga_side\conv_fpga_side\src\top.v'
Compiling module 'top'("E:\project\conv_fpga_side\conv_fpga_side\src\top.v":4)
Compiling module 'uart_data_rx'("E:\project\conv_fpga_side\conv_fpga_side\src\UART_data_rx.v":4)
Compiling module 'uart_byte_rx'("E:\project\conv_fpga_side\conv_fpga_side\src\UART_byte_rx.v":4)
Compiling module 'convolutional_decoder'("E:\project\conv_fpga_side\conv_fpga_side\src\decoder.v":1)
Compiling module 'uart_data_tx(DATA_WIDTH=16)'("E:\project\conv_fpga_side\conv_fpga_side\src\UART_data_tx.v":4)
Compiling module 'uart_byte_tx'("E:\project\conv_fpga_side\conv_fpga_side\src\UART_byte_tx.v":4)
NOTE  (EX0101) : Current top module is "top"
[5%] Running netlist conversion ...
Running device independent optimization ...
[10%] Optimizing Phase 0 completed
[15%] Optimizing Phase 1 completed
[25%] Optimizing Phase 2 completed
Running inference ...
[30%] Inferring Phase 0 completed
[40%] Inferring Phase 1 completed
[50%] Inferring Phase 2 completed
[55%] Inferring Phase 3 completed
Running technical mapping ...
[60%] Tech-Mapping Phase 0 completed
[65%] Tech-Mapping Phase 1 completed
[75%] Tech-Mapping Phase 2 completed
[80%] Tech-Mapping Phase 3 completed
[90%] Tech-Mapping Phase 4 completed
[95%] Generate netlist file "E:\project\conv_fpga_side\conv_fpga_side\impl\gwsynthesis\conv_fpga_side.vg" completed
[100%] Generate report file "E:\project\conv_fpga_side\conv_fpga_side\impl\gwsynthesis\conv_fpga_side_syn.rpt.html" completed
GowinSynthesis finish
